Output from sequences in file Z:\home\sp\Documents\coronavirus_cpg\bin\covid19ref.gb on Saturday, 25 April 2020
Part Ia. Nucleotide frequencies.
==========================================================================================================================================================================================
SeqName                                                              A           C           G           T      Sum(ACGT)             X2  ProbX2        PA        PC        PG        PT
------------------------------------------------------------------------------------------------------------------------------------------------------------------------------------------
NC_045512_Severe_acute_respiratory_syndrome_coronavirus_2       8954.0      5492.0      5863.0      9594.0          29903        1766.84  0.0000    0.2994    0.1837    0.1961    0.3208
==========================================================================================================================================================================================
Note: The Chisquare tests above are for testing if Pa = Pc = Pg = Pt = 0.25, with 3 degree of freedom.



Part IIa. Dinucleotide frequencies.
============================================================================================================================================================================================================================================================
SeqName                                                           AA        AC        AG        AT        CA        CC        CG        CT        GA        GC        GG        GT        TA        TC        TG        TT         Sum          X2       P
------------------------------------------------------------------------------------------------------------------------------------------------------------------------------------------------------------------------------------------------------------
NC_045512_Severe_acute_respiratory_syndrome_coronavirus_2    2880.00   2023.00   1742.00   2308.00   2084.00    888.00    439.00   2081.00   1612.00   1168.00   1093.00   1990.00   2377.00   1413.00   2589.00   3215.00       29902    1236.228  0.0000
============================================================================================================================================================================================================================================================
The chisqure tests test again the null hypothesis of random dinucleotide association.

Part IIb. The test of heterogeneity of nucleotide frequencies among OTUs was not requested.

 

Summary output:
Nuc              A             C             G             T
ObsN          8954          5492          5863          9594
Prop        0.2994        0.1837        0.1961        0.3208

GC% = 37.9728
GT% = 51.6905

              AA          AC          AG          AT          CA          CC          CG          CT          GA          GC          GG          GT          TA          TC          TG          TT
ObsN        2880        2023        1742        2308        2084         888         439        2081        1612        1168        1093        1990        2377        1413        2589        3215
ExpN     2681.05     1644.44     1755.53     2872.68     1644.44     1008.63     1076.77     1761.98     1755.53     1076.77     1149.50     1881.01     2872.68     1761.98     1881.01     3078.01
Sum = 29902
X2  = 1236.2281
p   = 0.0000

